2023-01-23 16:12:55.927087 - NORMAL-ON-LAUNCH: running base semi-kernel program launch => run sysui or terminal to use a dist of FakeOS
2023-01-23 16:13:38.987435 - 
2023-01-23 16:13:43.138490 - Bad file descriptor
2023-01-23 16:14:59.080841 - NORMAL-ON-LAUNCH: running base semi-kernel program launch => run sysui or terminal to use a dist of FakeOS
2023-01-23 16:15:07.476925 - 
2023-01-23 16:17:01.940123 - NORMAL-ON-LAUNCH: running base semi-kernel program launch => run sysui or terminal to use a dist of FakeOS
2023-01-23 16:17:15.432054 - 
2023-01-23 16:17:18.112654 - 
2023-01-23 16:19:13.711598 - NORMAL-ON-LAUNCH: running base semi-kernel program launch => run sysui or terminal to use a dist of FakeOS
2023-01-23 16:22:15.161457 - NORMAL-ON-LAUNCH: running base semi-kernel program launch => run sysui or terminal to use a dist of FakeOS
2023-01-23 16:40:37.352449 - NORMAL-ON-LAUNCH: running base semi-kernel program launch => run sysui or terminal to use a dist of FakeOS
2023-01-23 16:43:46.139714 - NORMAL-ON-LAUNCH: running base semi-kernel program launch => run sysui or terminal to use a dist of FakeOS
2023-01-23 16:43:49.805273 - name 'func' is not defined
2023-01-23 16:43:49.808285 - name 'func' is not defined
2023-01-23 16:43:49.810280 - name 'func' is not defined
2023-01-23 16:43:49.813436 - name 'func' is not defined
2023-01-23 16:43:49.821275 - name 'func' is not defined
2023-01-23 16:43:49.827332 - name 'func' is not defined
2023-01-23 16:43:49.837188 - name 'func' is not defined
2023-01-23 16:43:49.842250 - name 'func' is not defined
2023-01-23 16:43:49.849294 - name 'func' is not defined
2023-01-23 16:43:49.855395 - name 'func' is not defined
2023-01-23 16:43:49.859190 - name 'func' is not defined
2023-01-23 16:43:49.863206 - name 'func' is not defined
2023-01-23 16:43:49.869194 - name 'func' is not defined
2023-01-23 16:43:49.872186 - name 'func' is not defined
2023-01-23 16:43:49.875189 - name 'func' is not defined
2023-01-23 16:43:49.877211 - name 'func' is not defined
2023-01-23 16:43:49.882196 - name 'func' is not defined
2023-01-23 16:43:49.887204 - name 'func' is not defined
2023-01-23 16:43:49.890188 - name 'func' is not defined
2023-01-23 16:43:49.895297 - name 'func' is not defined
2023-01-23 16:43:49.902506 - name 'func' is not defined
2023-01-23 16:43:49.906379 - name 'func' is not defined
2023-01-23 16:43:49.911379 - name 'func' is not defined
2023-01-23 16:43:49.915360 - name 'func' is not defined
2023-01-23 16:43:49.922362 - name 'func' is not defined
2023-01-23 16:43:49.926509 - name 'func' is not defined
2023-01-23 16:43:49.930427 - name 'func' is not defined
2023-01-23 16:43:49.936818 - name 'func' is not defined
2023-01-23 16:43:49.939824 - name 'func' is not defined
2023-01-23 16:43:49.943825 - name 'func' is not defined
2023-01-23 16:43:49.948830 - name 'func' is not defined
2023-01-23 16:43:49.954825 - name 'func' is not defined
2023-01-23 16:43:49.958018 - name 'func' is not defined
2023-01-23 16:43:49.960862 - name 'func' is not defined
2023-01-23 16:43:49.970659 - name 'func' is not defined
2023-01-23 16:43:49.974779 - name 'func' is not defined
2023-01-23 16:43:49.977796 - name 'func' is not defined
2023-01-23 16:43:49.981814 - name 'func' is not defined
2023-01-23 16:43:49.988823 - name 'func' is not defined
2023-01-23 16:43:49.993794 - name 'func' is not defined
2023-01-23 16:43:49.999739 - name 'func' is not defined
2023-01-23 16:43:50.004885 - name 'func' is not defined
2023-01-23 16:43:50.008897 - name 'func' is not defined
2023-01-23 16:43:50.015462 - name 'func' is not defined
2023-01-23 16:43:50.022461 - name 'func' is not defined
2023-01-23 16:43:50.026458 - name 'func' is not defined
2023-01-23 16:43:50.035465 - name 'func' is not defined
2023-01-23 16:43:50.038458 - name 'func' is not defined
2023-01-23 16:43:50.043461 - name 'func' is not defined
2023-01-23 16:43:50.049072 - name 'func' is not defined
2023-01-23 16:43:50.054078 - name 'func' is not defined
2023-01-23 16:43:50.058068 - name 'func' is not defined
2023-01-23 16:43:50.066714 - name 'func' is not defined
2023-01-23 16:43:50.073104 - name 'func' is not defined
2023-01-23 16:43:50.077124 - name 'func' is not defined
2023-01-23 16:43:50.081135 - name 'func' is not defined
2023-01-23 16:43:50.088365 - name 'func' is not defined
2023-01-23 16:43:50.093127 - name 'func' is not defined
2023-01-23 16:43:50.099205 - name 'func' is not defined
2023-01-23 16:43:50.105602 - name 'func' is not defined
2023-01-23 16:43:50.109200 - name 'func' is not defined
2023-01-23 16:43:50.112205 - name 'func' is not defined
2023-01-23 16:43:50.120453 - name 'func' is not defined
2023-01-23 16:43:50.125465 - name 'func' is not defined
2023-01-23 16:43:50.128446 - name 'func' is not defined
2023-01-23 16:43:50.139400 - name 'func' is not defined
2023-01-23 16:43:50.141398 - name 'func' is not defined
2023-01-23 16:43:50.144389 - name 'func' is not defined
2023-01-23 16:43:50.151390 - name 'func' is not defined
2023-01-23 16:43:50.156385 - name 'func' is not defined
2023-01-23 16:43:50.159387 - name 'func' is not defined
2023-01-23 16:43:50.163215 - name 'func' is not defined
2023-01-23 16:43:50.171782 - name 'func' is not defined
2023-01-23 16:43:50.174777 - name 'func' is not defined
2023-01-23 16:43:50.177767 - name 'func' is not defined
2023-01-23 16:43:50.183773 - name 'func' is not defined
2023-01-23 16:43:50.191058 - name 'func' is not defined
2023-01-23 16:43:50.195719 - name 'func' is not defined
2023-01-23 16:43:50.206140 - name 'func' is not defined
2023-01-23 16:43:50.209002 - name 'func' is not defined
2023-01-23 16:43:50.211013 - name 'func' is not defined
2023-01-23 16:43:50.217006 - name 'func' is not defined
2023-01-23 16:43:50.224294 - name 'func' is not defined
2023-01-23 16:43:50.226848 - name 'func' is not defined
2023-01-23 16:43:50.229863 - name 'func' is not defined
2023-01-23 16:43:50.238242 - name 'func' is not defined
2023-01-23 16:43:50.242242 - name 'func' is not defined
2023-01-23 16:43:50.245238 - name 'func' is not defined
2023-01-23 16:43:50.257430 - name 'func' is not defined
2023-01-23 16:43:50.260334 - name 'func' is not defined
2023-01-23 16:43:50.263350 - name 'func' is not defined
2023-01-23 16:43:50.272486 - name 'func' is not defined
2023-01-23 16:43:50.275886 - name 'func' is not defined
2023-01-23 16:43:50.278495 - name 'func' is not defined
2023-01-23 16:43:50.283515 - name 'func' is not defined
2023-01-23 16:43:50.289437 - name 'func' is not defined
2023-01-23 16:43:50.292414 - name 'func' is not defined
2023-01-23 16:43:50.296206 - name 'func' is not defined
2023-01-23 16:43:50.305204 - name 'func' is not defined
2023-01-23 16:43:50.310216 - name 'func' is not defined
2023-01-23 16:43:50.312222 - name 'func' is not defined
2023-01-23 16:43:50.320494 - name 'func' is not defined
2023-01-23 16:43:50.323216 - name 'func' is not defined
2023-01-23 16:43:50.326909 - name 'func' is not defined
2023-01-23 16:43:50.330198 - name 'func' is not defined
2023-01-23 16:43:50.338937 - name 'func' is not defined
2023-01-23 16:43:50.341373 - name 'func' is not defined
2023-01-23 16:43:50.344457 - name 'func' is not defined
2023-01-23 16:43:50.354489 - name 'func' is not defined
2023-01-23 16:43:50.357468 - name 'func' is not defined
2023-01-23 16:43:50.360474 - name 'func' is not defined
2023-01-23 16:43:50.371249 - name 'func' is not defined
2023-01-23 16:43:50.376649 - name 'func' is not defined
2023-01-23 16:43:50.379750 - name 'func' is not defined
2023-01-23 16:43:50.388340 - name 'func' is not defined
2023-01-23 16:43:50.393344 - name 'func' is not defined
2023-01-23 16:43:50.396383 - name 'func' is not defined
2023-01-23 16:43:50.404384 - name 'func' is not defined
2023-01-23 16:43:50.408445 - name 'func' is not defined
2023-01-23 16:43:50.411697 - name 'func' is not defined
2023-01-23 16:43:50.418865 - name 'func' is not defined
2023-01-23 16:43:50.423862 - name 'func' is not defined
2023-01-23 16:43:50.427502 - name 'func' is not defined
2023-01-23 16:43:50.439623 - name 'func' is not defined
2023-01-23 16:43:50.443587 - name 'func' is not defined
2023-01-23 16:43:50.448587 - name 'func' is not defined
2023-01-23 16:43:50.455587 - name 'func' is not defined
2023-01-23 16:43:50.458584 - name 'func' is not defined
2023-01-23 16:43:50.462587 - name 'func' is not defined
2023-01-23 16:43:50.470586 - name 'func' is not defined
2023-01-23 16:43:50.475989 - name 'func' is not defined
2023-01-23 16:43:50.479835 - name 'func' is not defined
2023-01-23 16:43:50.488775 - name 'func' is not defined
2023-01-23 16:43:50.492774 - name 'func' is not defined
2023-01-23 16:43:50.499319 - name 'func' is not defined
2023-01-23 16:43:50.508674 - name 'func' is not defined
2023-01-23 16:43:50.512673 - name 'func' is not defined
2023-01-23 16:43:50.520967 - name 'func' is not defined
2023-01-23 16:43:50.526339 - name 'func' is not defined
2023-01-23 16:43:50.531345 - name 'func' is not defined
2023-01-23 16:43:50.538831 - name 'func' is not defined
2023-01-23 16:43:50.542836 - name 'func' is not defined
2023-01-23 16:43:50.547625 - name 'func' is not defined
2023-01-23 16:43:50.555252 - name 'func' is not defined
2023-01-23 16:43:50.559245 - name 'func' is not defined
2023-01-23 16:43:50.569253 - name 'func' is not defined
2023-01-23 16:43:50.573224 - name 'func' is not defined
2023-01-23 16:43:50.578266 - name 'func' is not defined
2023-01-23 16:43:50.587510 - name 'func' is not defined
2023-01-23 16:43:50.591339 - name 'func' is not defined
2023-01-23 16:43:50.594892 - name 'func' is not defined
2023-01-23 16:43:50.600920 - name 'func' is not defined
2023-01-23 16:43:50.608260 - name 'func' is not defined
2023-01-23 16:43:50.611265 - name 'func' is not defined
2023-01-23 16:43:50.618390 - name 'func' is not defined
2023-01-23 16:43:50.627379 - name 'func' is not defined
2023-01-23 16:43:50.632734 - name 'func' is not defined
2023-01-23 16:43:50.639823 - name 'func' is not defined
2023-01-23 16:43:50.644841 - name 'func' is not defined
2023-01-23 16:43:50.651835 - name 'func' is not defined
2023-01-23 16:43:50.657885 - name 'func' is not defined
2023-01-23 16:43:50.661294 - name 'func' is not defined
2023-01-23 16:43:50.666895 - name 'func' is not defined
2023-01-23 16:43:50.673891 - name 'func' is not defined
2023-01-23 16:43:50.677886 - name 'func' is not defined
2023-01-23 16:43:50.689173 - name 'func' is not defined
2023-01-23 16:43:50.693170 - name 'func' is not defined
2023-01-23 16:43:50.696177 - name 'func' is not defined
2023-01-23 16:43:50.705180 - name 'func' is not defined
2023-01-23 16:43:50.708175 - name 'func' is not defined
2023-01-23 16:43:50.712211 - name 'func' is not defined
2023-01-23 16:43:50.721300 - name 'func' is not defined
2023-01-23 16:43:50.724282 - name 'func' is not defined
2023-01-23 16:43:50.727492 - name 'func' is not defined
2023-01-23 16:43:50.730505 - name 'func' is not defined
2023-01-23 16:43:50.737583 - name 'func' is not defined
2023-01-23 16:43:50.744574 - name 'func' is not defined
2023-01-23 16:43:50.751582 - name 'func' is not defined
2023-01-23 16:43:50.756573 - name 'func' is not defined
2023-01-23 16:43:50.759579 - name 'func' is not defined
2023-01-23 16:43:50.762657 - name 'func' is not defined
2023-01-23 16:43:50.772578 - name 'func' is not defined
2023-01-23 16:43:50.776584 - name 'func' is not defined
2023-01-23 16:43:50.782584 - name 'func' is not defined
2023-01-23 16:43:50.789615 - name 'func' is not defined
2023-01-23 16:43:50.793575 - name 'func' is not defined
2023-01-23 16:43:50.802592 - name 'func' is not defined
2023-01-23 16:43:50.808597 - name 'func' is not defined
2023-01-23 16:43:50.811595 - name 'func' is not defined
2023-01-23 16:43:50.818780 - name 'func' is not defined
2023-01-23 16:43:50.824957 - name 'func' is not defined
2023-01-23 16:43:50.829018 - name 'func' is not defined
2023-01-23 16:43:50.836174 - name 'func' is not defined
2023-01-23 16:43:50.840160 - name 'func' is not defined
2023-01-23 16:43:50.844151 - name 'func' is not defined
2023-01-23 16:43:50.849164 - name 'func' is not defined
2023-01-23 16:43:50.858159 - name 'func' is not defined
2023-01-23 16:43:50.865154 - name 'func' is not defined
2023-01-23 16:43:50.871175 - name 'func' is not defined
2023-01-23 16:43:50.875151 - name 'func' is not defined
2023-01-23 16:43:50.878162 - name 'func' is not defined
2023-01-23 16:43:50.884429 - name 'func' is not defined
2023-01-23 16:43:50.890448 - name 'func' is not defined
2023-01-23 16:43:50.894450 - name 'func' is not defined
2023-01-23 16:43:50.901458 - name 'func' is not defined
2023-01-23 16:43:50.906513 - name 'func' is not defined
2023-01-23 16:43:50.911529 - name 'func' is not defined
2023-01-23 16:43:50.916697 - name 'func' is not defined
2023-01-23 16:43:50.922674 - name 'func' is not defined
2023-01-23 16:43:50.924674 - name 'func' is not defined
2023-01-23 16:43:50.927677 - name 'func' is not defined
2023-01-23 16:43:50.928676 - name 'func' is not defined
2023-01-23 16:43:50.935137 - name 'func' is not defined
2023-01-23 16:43:50.936143 - name 'func' is not defined
2023-01-23 16:43:50.939139 - name 'func' is not defined
2023-01-23 16:43:50.941136 - name 'func' is not defined
2023-01-23 16:43:50.943138 - name 'func' is not defined
2023-01-23 16:43:50.945183 - name 'func' is not defined
2023-01-23 16:43:50.951160 - name 'func' is not defined
2023-01-23 16:43:50.953183 - name 'func' is not defined
2023-01-23 16:43:50.956286 - name 'func' is not defined
2023-01-23 16:43:50.957496 - name 'func' is not defined
2023-01-23 16:43:50.961285 - name 'func' is not defined
2023-01-23 16:43:50.962282 - name 'func' is not defined
2023-01-23 16:43:50.968425 - name 'func' is not defined
2023-01-23 16:43:50.970432 - name 'func' is not defined
2023-01-23 16:43:50.975503 - name 'func' is not defined
2023-01-23 16:43:50.976422 - name 'func' is not defined
2023-01-23 16:43:50.981863 - name 'func' is not defined
2023-01-23 16:43:50.984242 - name 'func' is not defined
2023-01-23 16:43:50.988258 - name 'func' is not defined
2023-01-23 16:43:50.989258 - name 'func' is not defined
2023-01-23 16:43:50.993260 - name 'func' is not defined
2023-01-23 16:43:50.994258 - name 'func' is not defined
2023-01-23 16:43:51.002274 - name 'func' is not defined
2023-01-23 16:43:51.004258 - name 'func' is not defined
2023-01-23 16:43:51.008107 - name 'func' is not defined
2023-01-23 16:43:51.009252 - name 'func' is not defined
2023-01-23 16:43:51.012265 - name 'func' is not defined
2023-01-23 16:43:51.015253 - name 'func' is not defined
2023-01-23 16:43:51.021257 - name 'func' is not defined
2023-01-23 16:43:51.027620 - name 'func' is not defined
2023-01-23 16:43:51.034508 - name 'func' is not defined
2023-01-23 16:43:51.036526 - name 'func' is not defined
2023-01-23 16:43:51.042527 - name 'func' is not defined
2023-01-23 16:43:51.043522 - name 'func' is not defined
2023-01-23 16:43:51.048530 - name 'func' is not defined
2023-01-23 16:43:51.050520 - name 'func' is not defined
2023-01-23 16:43:51.057841 - name 'func' is not defined
2023-01-23 16:43:51.058843 - name 'func' is not defined
2023-01-23 16:43:51.062837 - name 'func' is not defined
2023-01-23 16:43:51.064942 - name 'func' is not defined
2023-01-23 16:43:51.071957 - name 'func' is not defined
2023-01-23 16:43:51.072958 - name 'func' is not defined
2023-01-23 16:43:51.077086 - name 'func' is not defined
2023-01-23 16:43:51.079087 - name 'func' is not defined
2023-01-23 16:43:51.085228 - name 'func' is not defined
2023-01-23 16:43:51.087213 - name 'func' is not defined
2023-01-23 16:43:51.091209 - name 'func' is not defined
2023-01-23 16:43:51.092209 - name 'func' is not defined
2023-01-23 16:43:51.100221 - name 'func' is not defined
2023-01-23 16:43:51.104354 - name 'func' is not defined
2023-01-23 16:43:51.108440 - name 'func' is not defined
2023-01-23 16:43:51.109369 - name 'func' is not defined
2023-01-23 16:43:51.113393 - name 'func' is not defined
2023-01-23 16:43:51.118086 - name 'func' is not defined
2023-01-23 16:43:51.125666 - name 'func' is not defined
2023-01-23 16:43:51.126628 - name 'func' is not defined
2023-01-23 16:43:51.130647 - name 'func' is not defined
2023-01-23 16:43:51.133630 - name 'func' is not defined
2023-01-23 16:43:51.139708 - name 'func' is not defined
2023-01-23 16:43:51.140686 - name 'func' is not defined
2023-01-23 16:43:51.143693 - name 'func' is not defined
2023-01-23 16:43:51.144684 - name 'func' is not defined
2023-01-23 16:43:51.150686 - name 'func' is not defined
2023-01-23 16:43:51.152698 - name 'func' is not defined
2023-01-23 16:43:51.162286 - name 'func' is not defined
2023-01-23 16:43:51.163288 - name 'func' is not defined
2023-01-23 16:43:51.171295 - name 'func' is not defined
2023-01-23 16:43:51.173467 - name 'func' is not defined
2023-01-23 16:43:51.177289 - name 'func' is not defined
2023-01-23 16:43:51.179285 - name 'func' is not defined
2023-01-23 16:43:51.184295 - name 'func' is not defined
2023-01-23 16:43:51.187690 - name 'func' is not defined
2023-01-23 16:43:51.192676 - name 'func' is not defined
2023-01-23 16:43:51.194104 - name 'func' is not defined
2023-01-23 16:43:51.199586 - name 'func' is not defined
2023-01-23 16:43:51.203063 - name 'func' is not defined
2023-01-23 16:43:51.207117 - name 'func' is not defined
2023-01-23 16:43:51.208119 - name 'func' is not defined
2023-01-23 16:43:51.213122 - name 'func' is not defined
2023-01-23 16:43:51.215121 - name 'func' is not defined
2023-01-23 16:43:51.225009 - name 'func' is not defined
2023-01-23 16:43:51.226007 - name 'func' is not defined
2023-01-23 16:43:51.230008 - name 'func' is not defined
2023-01-23 16:43:51.233016 - name 'func' is not defined
2023-01-23 16:43:51.240012 - name 'func' is not defined
2023-01-23 16:43:51.241009 - name 'func' is not defined
2023-01-23 16:43:51.245005 - name 'func' is not defined
2023-01-23 16:43:51.246006 - name 'func' is not defined
2023-01-23 16:43:51.255012 - name 'func' is not defined
2023-01-23 16:43:51.257013 - name 'func' is not defined
2023-01-23 16:43:51.260005 - name 'func' is not defined
2023-01-23 16:43:51.261006 - name 'func' is not defined
2023-01-23 16:43:51.269198 - name 'func' is not defined
2023-01-23 16:43:51.271443 - name 'func' is not defined
2023-01-23 16:43:51.275190 - name 'func' is not defined
2023-01-23 16:43:51.276184 - name 'func' is not defined
2023-01-23 16:43:51.287192 - name 'func' is not defined
2023-01-23 16:43:51.289193 - name 'func' is not defined
2023-01-23 16:43:51.292192 - name 'func' is not defined
2023-01-23 16:43:51.294192 - name 'func' is not defined
2023-01-23 16:43:51.300186 - name 'func' is not defined
2023-01-23 16:43:51.303185 - name 'func' is not defined
2023-01-23 16:43:51.306239 - name 'func' is not defined
2023-01-23 16:43:51.307246 - name 'func' is not defined
2023-01-23 16:43:51.310268 - name 'func' is not defined
2023-01-23 16:43:51.311239 - name 'func' is not defined
2023-01-23 16:43:51.318406 - name 'func' is not defined
2023-01-23 16:43:51.320409 - name 'func' is not defined
2023-01-23 16:43:51.325485 - name 'func' is not defined
2023-01-23 16:43:51.326488 - name 'func' is not defined
2023-01-23 16:43:51.330506 - name 'func' is not defined
2023-01-23 16:43:51.334491 - name 'func' is not defined
2023-01-23 16:43:51.339203 - name 'func' is not defined
2023-01-23 16:43:51.340207 - name 'func' is not defined
2023-01-23 16:43:51.350663 - name 'func' is not defined
2023-01-23 16:43:51.352658 - name 'func' is not defined
2023-01-23 16:43:51.356677 - name 'func' is not defined
2023-01-23 16:43:51.358129 - name 'func' is not defined
2023-01-23 16:43:51.362666 - name 'func' is not defined
2023-01-23 16:43:51.366790 - name 'func' is not defined
2023-01-23 16:43:51.371790 - name 'func' is not defined
2023-01-23 16:43:51.372774 - name 'func' is not defined
2023-01-23 16:43:51.376778 - name 'func' is not defined
2023-01-23 16:43:51.379778 - name 'func' is not defined
2023-01-23 16:43:51.388141 - name 'func' is not defined
2023-01-23 16:43:51.389137 - name 'func' is not defined
2023-01-23 16:43:51.392140 - name 'func' is not defined
2023-01-23 16:43:51.393135 - name 'func' is not defined
2023-01-23 16:43:51.397161 - name 'func' is not defined
2023-01-23 16:43:51.401251 - name 'func' is not defined
2023-01-23 16:43:51.407188 - name 'func' is not defined
2023-01-23 16:43:51.408241 - name 'func' is not defined
2023-01-23 16:43:51.416157 - name 'func' is not defined
2023-01-23 16:43:51.419150 - name 'func' is not defined
2023-01-23 16:43:51.423166 - name 'func' is not defined
2023-01-23 16:43:51.425511 - name 'func' is not defined
2023-01-23 16:43:51.428510 - name 'func' is not defined
2023-01-23 16:43:51.432022 - name 'func' is not defined
2023-01-23 16:43:51.438523 - name 'func' is not defined
2023-01-23 16:43:51.439510 - name 'func' is not defined
2023-01-23 16:43:51.442520 - name 'func' is not defined
2023-01-23 16:43:51.443512 - name 'func' is not defined
2023-01-23 16:43:51.448513 - name 'func' is not defined
2023-01-23 16:43:51.451512 - name 'func' is not defined
2023-01-23 16:43:51.455772 - name 'func' is not defined
2023-01-23 16:43:51.457508 - name 'func' is not defined
2023-01-23 16:43:51.461752 - name 'func' is not defined
2023-01-23 16:43:51.462508 - name 'func' is not defined
2023-01-23 16:43:51.469651 - name 'func' is not defined
2023-01-23 16:43:51.471645 - name 'func' is not defined
2023-01-23 16:43:51.476109 - name 'func' is not defined
2023-01-23 16:43:51.476719 - name 'func' is not defined
2023-01-23 16:43:51.486681 - name 'func' is not defined
2023-01-23 16:43:51.488674 - name 'func' is not defined
2023-01-23 16:43:51.491922 - name 'func' is not defined
2023-01-23 16:43:51.493116 - name 'func' is not defined
2023-01-23 16:43:51.496212 - name 'func' is not defined
2023-01-23 16:43:51.499228 - name 'func' is not defined
2023-01-23 16:43:51.504216 - name 'func' is not defined
2023-01-23 16:43:51.506230 - name 'func' is not defined
2023-01-23 16:43:51.510214 - name 'func' is not defined
2023-01-23 16:43:51.511211 - name 'func' is not defined
2023-01-23 16:43:51.517760 - name 'func' is not defined
2023-01-23 16:43:51.520331 - name 'func' is not defined
2023-01-23 16:43:51.523332 - name 'func' is not defined
2023-01-23 16:43:51.525379 - name 'func' is not defined
2023-01-23 16:43:51.527685 - name 'func' is not defined
2023-01-23 16:43:51.528676 - name 'func' is not defined
2023-01-23 16:43:51.536098 - name 'func' is not defined
2023-01-23 16:43:51.538093 - name 'func' is not defined
2023-01-23 16:43:51.570233 - name 'func' is not defined
2023-01-23 16:43:51.572214 - name 'func' is not defined
2023-01-23 16:43:51.576216 - name 'func' is not defined
2023-01-23 16:43:51.579215 - name 'func' is not defined
2023-01-23 16:43:51.590241 - name 'func' is not defined
2023-01-23 16:43:51.591206 - name 'func' is not defined
2023-01-23 16:43:51.594040 - name 'func' is not defined
2023-01-23 16:43:51.603060 - name 'func' is not defined
2023-01-23 16:43:51.609051 - name 'func' is not defined
2023-01-23 16:43:51.611052 - name 'func' is not defined
2023-01-23 16:43:51.627751 - name 'func' is not defined
2023-01-23 16:43:51.628750 - name 'func' is not defined
2023-01-23 16:43:51.635940 - name 'func' is not defined
2023-01-23 16:43:51.638965 - name 'func' is not defined
2023-01-23 16:43:51.641937 - name 'func' is not defined
2023-01-23 16:43:51.642832 - name 'func' is not defined
2023-01-23 16:43:51.645829 - name 'func' is not defined
2023-01-23 16:43:51.651839 - name 'func' is not defined
2023-01-23 16:43:51.657835 - name 'func' is not defined
2023-01-23 16:43:51.658831 - name 'func' is not defined
2023-01-23 16:43:51.661834 - name 'func' is not defined
2023-01-23 16:43:51.668981 - name 'func' is not defined
2023-01-23 16:43:51.673972 - name 'func' is not defined
2023-01-23 16:43:51.674964 - name 'func' is not defined
2023-01-23 16:43:51.677968 - name 'func' is not defined
2023-01-23 16:43:51.679981 - name 'func' is not defined
2023-01-23 16:43:51.692019 - name 'func' is not defined
2023-01-23 16:43:51.693984 - name 'func' is not defined
2023-01-23 16:43:51.704103 - name 'func' is not defined
2023-01-23 16:43:51.706127 - name 'func' is not defined
2023-01-23 16:43:51.712120 - name 'func' is not defined
2023-01-23 16:43:51.722125 - name 'func' is not defined
2023-01-23 16:43:51.744115 - name 'func' is not defined
2023-01-23 16:43:51.767120 - name 'func' is not defined
2023-01-23 16:43:51.781408 - name 'func' is not defined
2023-01-23 16:43:51.790373 - name 'func' is not defined
2023-01-23 16:43:51.800386 - name 'func' is not defined
2023-01-23 16:43:51.804375 - name 'func' is not defined
2023-01-23 16:43:51.811642 - name 'func' is not defined
2023-01-23 16:43:51.821609 - name 'func' is not defined
2023-01-23 16:43:51.827073 - name 'func' is not defined
2023-01-23 16:43:51.828091 - name 'func' is not defined
2023-01-23 16:43:51.846093 - name 'func' is not defined
2023-01-23 16:43:51.851255 - name 'func' is not defined
2023-01-23 16:43:51.857092 - name 'func' is not defined
2023-01-23 16:43:51.859094 - name 'func' is not defined
2023-01-23 16:43:51.866481 - name 'func' is not defined
2023-01-23 16:43:51.869677 - name 'func' is not defined
2023-01-23 16:43:51.874218 - name 'func' is not defined
2023-01-23 16:43:51.876230 - name 'func' is not defined
2023-01-23 16:43:51.885423 - name 'func' is not defined
2023-01-23 16:43:51.887433 - name 'func' is not defined
2023-01-23 16:43:51.894425 - name 'func' is not defined
2023-01-23 16:43:51.902421 - name 'func' is not defined
2023-01-23 16:43:51.910427 - name 'func' is not defined
2023-01-23 16:43:51.911775 - name 'func' is not defined
2023-01-23 16:43:51.924096 - name 'func' is not defined
2023-01-23 16:43:51.927129 - name 'func' is not defined
2023-01-23 16:43:51.932297 - name 'func' is not defined
2023-01-23 16:43:51.939929 - name 'func' is not defined
2023-01-23 16:43:51.944264 - name 'func' is not defined
2023-01-23 16:43:51.945227 - name 'func' is not defined
2023-01-23 16:43:51.956345 - name 'func' is not defined
2023-01-23 16:43:51.958331 - name 'func' is not defined
2023-01-23 16:43:51.973331 - name 'func' is not defined
2023-01-23 16:43:51.976382 - name 'func' is not defined
2023-01-23 16:43:51.983405 - name 'func' is not defined
2023-01-23 16:43:51.986385 - name 'func' is not defined
2023-01-23 16:43:51.994414 - name 'func' is not defined
2023-01-23 16:43:51.996392 - name 'func' is not defined
2023-01-23 16:43:52.003422 - name 'func' is not defined
2023-01-23 16:43:52.006387 - name 'func' is not defined
2023-01-23 16:43:52.009397 - name 'func' is not defined
2023-01-23 16:43:52.010382 - name 'func' is not defined
2023-01-23 16:43:52.016517 - name 'func' is not defined
2023-01-23 16:43:52.020501 - name 'func' is not defined
2023-01-23 16:43:52.026097 - name 'func' is not defined
2023-01-23 16:43:52.035173 - name 'func' is not defined
2023-01-23 16:43:52.043191 - name 'func' is not defined
2023-01-23 16:43:52.050231 - name 'func' is not defined
2023-01-23 16:43:52.059190 - name 'func' is not defined
2023-01-23 16:43:52.060185 - name 'func' is not defined
2023-01-23 16:43:52.069791 - name 'func' is not defined
2023-01-23 16:43:52.074136 - name 'func' is not defined
2023-01-23 16:43:52.084101 - name 'func' is not defined
2023-01-23 16:43:52.087854 - name 'func' is not defined
2023-01-23 16:43:52.092982 - name 'func' is not defined
2023-01-23 16:43:52.093826 - name 'func' is not defined
2023-01-23 16:43:52.110831 - name 'func' is not defined
2023-01-23 16:43:52.112833 - name 'func' is not defined
2023-01-23 16:43:52.124011 - name 'func' is not defined
2023-01-23 16:43:52.141234 - name 'func' is not defined
2023-01-23 16:43:52.148320 - name 'func' is not defined
2023-01-23 16:43:52.152587 - name 'func' is not defined
2023-01-23 16:43:52.157571 - name 'func' is not defined
2023-01-23 16:43:52.158314 - name 'func' is not defined
2023-01-23 16:43:52.163337 - name 'func' is not defined
2023-01-23 16:43:52.177944 - name 'func' is not defined
2023-01-23 16:43:52.192904 - name 'func' is not defined
2023-01-23 16:43:52.193903 - name 'func' is not defined
2023-01-23 16:43:52.204908 - name 'func' is not defined
2023-01-23 16:43:52.207659 - name 'func' is not defined
2023-01-23 16:43:52.218655 - name 'func' is not defined
2023-01-23 16:43:52.224320 - name 'func' is not defined
2023-01-23 16:43:52.228263 - name 'func' is not defined
2023-01-23 16:43:52.233629 - name 'func' is not defined
2023-01-23 16:43:52.243184 - name 'func' is not defined
2023-01-23 16:43:52.244169 - name 'func' is not defined
2023-01-23 16:43:52.329067 - name 'func' is not defined
2023-01-23 16:43:52.343020 - name 'func' is not defined
2023-01-23 16:43:52.360928 - name 'func' is not defined
2023-01-23 16:43:52.363931 - name 'func' is not defined
2023-01-23 16:43:52.370924 - name 'func' is not defined
2023-01-23 16:43:52.372926 - name 'func' is not defined
2023-01-23 16:43:52.377380 - name 'func' is not defined
2023-01-23 16:43:52.378372 - name 'func' is not defined
2023-01-23 16:43:52.391474 - name 'func' is not defined
2023-01-23 16:43:52.393460 - name 'func' is not defined
2023-01-23 16:43:52.399736 - name 'func' is not defined
2023-01-23 16:43:52.404462 - name 'func' is not defined
2023-01-23 16:43:52.411462 - name 'func' is not defined
2023-01-23 16:43:52.418220 - name 'func' is not defined
2023-01-23 16:43:52.428255 - name 'func' is not defined
2023-01-23 16:43:52.430277 - name 'func' is not defined
2023-01-23 16:43:52.437256 - name 'func' is not defined
2023-01-23 16:43:52.441869 - name 'func' is not defined
2023-01-23 16:43:52.446265 - name 'func' is not defined
2023-01-23 16:43:52.449523 - name 'func' is not defined
2023-01-23 16:43:52.454586 - name 'func' is not defined
2023-01-23 16:43:52.457405 - name 'func' is not defined
2023-01-23 16:43:52.465419 - name 'func' is not defined
2023-01-23 16:43:52.468780 - name 'func' is not defined
2023-01-23 16:43:52.472403 - name 'func' is not defined
2023-01-23 16:43:52.476403 - name 'func' is not defined
2023-01-23 16:43:52.489481 - name 'func' is not defined
2023-01-23 16:43:52.490441 - name 'func' is not defined
2023-01-23 16:43:52.492442 - name 'func' is not defined
2023-01-23 16:43:52.494438 - name 'func' is not defined
2023-01-23 16:43:52.499296 - name 'func' is not defined
2023-01-23 16:43:52.506454 - name 'func' is not defined
2023-01-23 16:43:52.510437 - name 'func' is not defined
2023-01-23 16:43:52.511443 - name 'func' is not defined
2023-01-23 16:43:52.523261 - name 'func' is not defined
2023-01-23 16:43:52.525394 - name 'func' is not defined
2023-01-23 16:43:52.539369 - name 'func' is not defined
2023-01-23 16:43:52.540368 - name 'func' is not defined
2023-01-23 16:43:52.557061 - name 'func' is not defined
2023-01-23 16:43:52.559047 - name 'func' is not defined
2023-01-23 16:43:52.561045 - name 'func' is not defined
2023-01-23 16:43:52.563057 - name 'func' is not defined
2023-01-23 16:43:52.572047 - name 'func' is not defined
2023-01-23 16:43:52.573046 - name 'func' is not defined
2023-01-23 16:43:52.577047 - name 'func' is not defined
2023-01-23 16:43:52.579048 - name 'func' is not defined
2023-01-23 16:43:52.589278 - name 'func' is not defined
2023-01-23 16:43:52.592195 - name 'func' is not defined
2023-01-23 16:43:52.595055 - name 'func' is not defined
2023-01-23 16:43:52.605193 - name 'func' is not defined
2023-01-23 16:43:52.611183 - name 'func' is not defined
2023-01-23 16:43:52.613194 - name 'func' is not defined
2023-01-23 16:43:52.624334 - name 'func' is not defined
2023-01-23 16:43:52.625347 - name 'func' is not defined
2023-01-23 16:43:52.629020 - name 'func' is not defined
2023-01-23 16:43:52.634048 - name 'func' is not defined
2023-01-23 16:43:52.641040 - name 'func' is not defined
2023-01-23 16:43:52.642034 - name 'func' is not defined
2023-01-23 16:43:52.645037 - name 'func' is not defined
2023-01-23 16:43:52.655352 - name 'func' is not defined
2023-01-23 16:43:52.658072 - name 'func' is not defined
2023-01-23 16:43:52.659035 - name 'func' is not defined
2023-01-23 16:43:52.662038 - name 'func' is not defined
2023-01-23 16:43:52.667050 - name 'func' is not defined
2023-01-23 16:43:52.678416 - name 'func' is not defined
2023-01-23 16:43:52.683995 - name 'func' is not defined
2023-01-23 16:43:52.691010 - name 'func' is not defined
2023-01-23 16:43:52.692009 - name 'func' is not defined
2023-01-23 16:43:52.695014 - name 'func' is not defined
2023-01-23 16:43:52.701016 - name 'func' is not defined
2023-01-23 16:43:52.706085 - name 'func' is not defined
2023-01-23 16:43:52.708089 - name 'func' is not defined
2023-01-23 16:43:52.710092 - name 'func' is not defined
2023-01-23 16:43:52.711084 - name 'func' is not defined
2023-01-23 16:43:52.720781 - name 'func' is not defined
2023-01-23 16:43:52.722683 - name 'func' is not defined
2023-01-23 16:43:52.726751 - name 'func' is not defined
2023-01-23 16:43:52.727735 - name 'func' is not defined
2023-01-23 16:43:52.739368 - name 'func' is not defined
2023-01-23 16:43:52.740334 - name 'func' is not defined
2023-01-23 16:43:52.743362 - name 'func' is not defined
2023-01-23 16:43:52.744335 - name 'func' is not defined
2023-01-23 16:43:52.750358 - name 'func' is not defined
2023-01-23 16:43:52.753339 - name 'func' is not defined
2023-01-23 16:43:52.757343 - name 'func' is not defined
2023-01-23 16:43:52.758338 - name 'func' is not defined
2023-01-23 16:43:52.761656 - name 'func' is not defined
2023-01-23 16:43:52.767337 - name 'func' is not defined
2023-01-23 16:43:52.772615 - name 'func' is not defined
2023-01-23 16:43:52.773340 - name 'func' is not defined
2023-01-23 16:43:52.776340 - name 'func' is not defined
2023-01-23 16:43:52.777338 - name 'func' is not defined
2023-01-23 16:43:52.782342 - name 'func' is not defined
2023-01-23 16:43:52.785339 - name 'func' is not defined
2023-01-23 16:43:52.790360 - name 'func' is not defined
2023-01-23 16:43:52.791339 - name 'func' is not defined
2023-01-23 16:43:52.795420 - name 'func' is not defined
2023-01-23 16:43:52.798415 - name 'func' is not defined
2023-01-23 16:43:52.806673 - name 'func' is not defined
2023-01-23 16:43:52.807664 - name 'func' is not defined
2023-01-23 16:43:52.809655 - name 'func' is not defined
2023-01-23 16:43:52.810733 - name 'func' is not defined
2023-01-23 16:43:52.816551 - name 'func' is not defined
2023-01-23 16:43:52.820146 - name 'func' is not defined
2023-01-23 16:43:52.824128 - name 'func' is not defined
2023-01-23 16:43:52.825130 - name 'func' is not defined
2023-01-23 16:43:52.827137 - name 'func' is not defined
2023-01-23 16:43:52.828852 - name 'func' is not defined
2023-01-23 16:43:52.835447 - name 'func' is not defined
2023-01-23 16:43:52.837436 - name 'func' is not defined
2023-01-23 16:43:52.840442 - name 'func' is not defined
2023-01-23 16:43:52.841536 - name 'func' is not defined
2023-01-23 16:43:52.844437 - name 'func' is not defined
2023-01-23 16:43:52.845433 - name 'func' is not defined
2023-01-23 16:43:52.856423 - name 'func' is not defined
2023-01-23 16:43:52.857441 - name 'func' is not defined
2023-01-23 16:43:52.859430 - name 'func' is not defined
2023-01-23 16:43:52.860438 - name 'func' is not defined
2023-01-23 16:43:52.862844 - name 'func' is not defined
2023-01-23 16:43:52.867435 - name 'func' is not defined
2023-01-23 16:43:52.872445 - name 'func' is not defined
2023-01-23 16:43:52.873429 - name 'func' is not defined
2023-01-23 16:43:52.875454 - name 'func' is not defined
2023-01-23 16:43:52.877427 - name 'func' is not defined
2023-01-23 16:43:52.881434 - name 'func' is not defined
2023-01-23 16:43:52.887619 - name 'func' is not defined
2023-01-23 16:43:52.890616 - name 'func' is not defined
2023-01-23 16:43:52.892610 - name 'func' is not defined
2023-01-23 16:43:52.894637 - name 'func' is not defined
2023-01-23 16:43:52.897201 - name 'func' is not defined
2023-01-23 16:43:52.904217 - name 'func' is not defined
2023-01-23 16:43:52.905843 - name 'func' is not defined
2023-01-23 16:43:52.910846 - name 'func' is not defined
2023-01-23 16:43:52.911833 - name 'func' is not defined
2023-01-23 16:43:52.920853 - name 'func' is not defined
2023-01-23 16:43:52.922835 - name 'func' is not defined
2023-01-23 16:43:52.924854 - name 'func' is not defined
2023-01-23 16:43:52.925838 - name 'func' is not defined
2023-01-23 16:43:52.928832 - name 'func' is not defined
2023-01-23 16:43:52.932840 - name 'func' is not defined
2023-01-23 16:43:52.939084 - name 'func' is not defined
2023-01-23 16:43:52.940058 - name 'func' is not defined
2023-01-23 16:43:52.942061 - name 'func' is not defined
2023-01-23 16:43:52.943159 - name 'func' is not defined
2023-01-23 16:43:52.948049 - name 'func' is not defined
2023-01-23 16:43:52.951018 - name 'func' is not defined
2023-01-23 16:43:52.956052 - name 'func' is not defined
2023-01-23 16:43:52.957045 - name 'func' is not defined
2023-01-23 16:43:52.961043 - name 'func' is not defined
2023-01-23 16:43:52.963074 - name 'func' is not defined
2023-01-23 16:43:52.974051 - name 'func' is not defined
2023-01-23 16:43:52.975045 - name 'func' is not defined
2023-01-23 16:43:52.977073 - name 'func' is not defined
2023-01-23 16:43:52.978051 - name 'func' is not defined
2023-01-23 16:43:52.986212 - name 'func' is not defined
2023-01-23 16:43:52.991208 - name 'func' is not defined
2023-01-23 16:43:52.995539 - name 'func' is not defined
2023-01-23 16:43:52.999229 - name 'func' is not defined
2023-01-23 16:43:53.005933 - name 'func' is not defined
2023-01-23 16:43:53.006754 - name 'func' is not defined
2023-01-23 16:43:53.008758 - name 'func' is not defined
2023-01-23 16:43:53.009733 - name 'func' is not defined
2023-01-23 16:43:53.013736 - name 'func' is not defined
2023-01-23 16:43:53.018017 - name 'func' is not defined
2023-01-23 16:43:53.022058 - name 'func' is not defined
2023-01-23 16:43:53.023019 - name 'func' is not defined
2023-01-23 16:43:53.028018 - name 'func' is not defined
2023-01-23 16:43:53.031509 - name 'func' is not defined
2023-01-23 16:43:53.039095 - name 'func' is not defined
2023-01-23 16:43:53.040094 - name 'func' is not defined
2023-01-23 16:43:53.043103 - name 'func' is not defined
2023-01-23 16:43:53.044096 - name 'func' is not defined
2023-01-23 16:43:53.054249 - name 'func' is not defined
2023-01-23 16:43:53.056259 - name 'func' is not defined
2023-01-23 16:43:53.058275 - name 'func' is not defined
2023-01-23 16:43:53.060261 - name 'func' is not defined
2023-01-23 16:43:53.063653 - name 'func' is not defined
2023-01-23 16:43:53.068203 - name 'func' is not defined
2023-01-23 16:43:53.073533 - name 'func' is not defined
2023-01-23 16:43:53.074043 - name 'func' is not defined
2023-01-23 16:43:53.077073 - name 'func' is not defined
2023-01-23 16:43:53.078060 - name 'func' is not defined
2023-01-23 16:43:53.089147 - name 'func' is not defined
2023-01-23 16:43:53.090060 - name 'func' is not defined
2023-01-23 16:43:53.093079 - name 'func' is not defined
2023-01-23 16:43:53.094083 - name 'func' is not defined
2023-01-23 16:43:53.100107 - name 'func' is not defined
2023-01-23 16:43:53.103120 - name 'func' is not defined
2023-01-23 16:43:53.107128 - name 'func' is not defined
2023-01-23 16:43:53.108098 - name 'func' is not defined
2023-01-23 16:43:53.111138 - name 'func' is not defined
2023-01-23 16:43:53.112103 - name 'func' is not defined
2023-01-23 16:43:53.120298 - name 'func' is not defined
2023-01-23 16:43:53.122300 - name 'func' is not defined
2023-01-23 16:43:53.125300 - name 'func' is not defined
2023-01-23 16:43:53.126278 - name 'func' is not defined
2023-01-23 16:43:53.128282 - name 'func' is not defined
2023-01-23 16:43:53.133285 - name 'func' is not defined
2023-01-23 16:43:53.138279 - name 'func' is not defined
2023-01-23 16:43:53.139286 - name 'func' is not defined
2023-01-23 16:43:53.144284 - name 'func' is not defined
2023-01-23 16:43:53.145283 - name 'func' is not defined
2023-01-23 16:43:53.152283 - name 'func' is not defined
2023-01-23 16:43:53.154287 - name 'func' is not defined
2023-01-23 16:43:53.157302 - name 'func' is not defined
2023-01-23 16:43:53.158283 - name 'func' is not defined
2023-01-23 16:43:53.160291 - name 'func' is not defined
2023-01-23 16:43:53.162281 - name 'func' is not defined
2023-01-23 16:43:53.169449 - name 'func' is not defined
2023-01-23 16:43:53.171450 - name 'func' is not defined
2023-01-23 16:43:53.174429 - name 'func' is not defined
2023-01-23 16:43:53.175467 - name 'func' is not defined
2023-01-23 16:43:53.178503 - name 'func' is not defined
2023-01-23 16:43:53.181494 - name 'func' is not defined
2023-01-23 16:43:53.187196 - name 'func' is not defined
2023-01-23 16:43:53.189176 - name 'func' is not defined
2023-01-23 16:43:53.191201 - name 'func' is not defined
2023-01-23 16:43:53.192359 - name 'func' is not defined
2023-01-23 16:43:53.203149 - name 'func' is not defined
2023-01-23 16:43:53.205241 - name 'func' is not defined
2023-01-23 16:43:53.209244 - name 'func' is not defined
2023-01-23 16:43:53.210235 - name 'func' is not defined
2023-01-23 16:43:53.215457 - name 'func' is not defined
2023-01-23 16:43:53.218478 - name 'func' is not defined
2023-01-23 16:43:53.223481 - name 'func' is not defined
2023-01-23 16:43:53.225554 - name 'func' is not defined
2023-01-23 16:43:53.227559 - name 'func' is not defined
2023-01-23 16:43:53.230565 - name 'func' is not defined
2023-01-23 16:43:53.237575 - name 'func' is not defined
2023-01-23 16:43:53.239548 - name 'func' is not defined
2023-01-23 16:43:53.241566 - name 'func' is not defined
2023-01-23 16:43:53.243563 - name 'func' is not defined
2023-01-23 16:43:53.248556 - name 'func' is not defined
2023-01-23 16:43:53.251559 - name 'func' is not defined
2023-01-23 16:43:53.258546 - name 'func' is not defined
2023-01-23 16:43:53.259548 - name 'func' is not defined
2023-01-23 16:43:53.265234 - name 'func' is not defined
2023-01-23 16:43:53.269235 - name 'func' is not defined
2023-01-23 16:43:53.273231 - name 'func' is not defined
2023-01-23 16:43:53.274224 - name 'func' is not defined
2023-01-23 16:43:53.277220 - name 'func' is not defined
2023-01-23 16:43:53.278222 - name 'func' is not defined
2023-01-23 16:43:53.287302 - name 'func' is not defined
2023-01-23 16:43:53.289294 - name 'func' is not defined
2023-01-23 16:43:53.291303 - name 'func' is not defined
2023-01-23 16:43:53.292388 - name 'func' is not defined
2023-01-23 16:43:53.295761 - name 'func' is not defined
2023-01-23 16:43:53.299323 - name 'func' is not defined
2023-01-23 16:43:53.305638 - name 'func' is not defined
2023-01-23 16:43:53.306292 - name 'func' is not defined
2023-01-23 16:43:53.309315 - name 'func' is not defined
2023-01-23 16:43:53.310293 - name 'func' is not defined
2023-01-23 16:43:53.321494 - name 'func' is not defined
2023-01-23 16:43:53.322426 - name 'func' is not defined
2023-01-23 16:43:53.325422 - name 'func' is not defined
2023-01-23 16:43:53.326425 - name 'func' is not defined
2023-01-23 16:43:53.331020 - name 'func' is not defined
2023-01-23 16:43:53.335077 - name 'func' is not defined
2023-01-23 16:43:53.339086 - name 'func' is not defined
2023-01-23 16:43:53.341072 - name 'func' is not defined
2023-01-23 16:43:53.344071 - name 'func' is not defined
2023-01-23 16:43:53.344395 - name 'func' is not defined
2023-01-23 16:43:53.355882 - name 'func' is not defined
2023-01-23 16:43:53.356875 - name 'func' is not defined
2023-01-23 16:43:53.359882 - name 'func' is not defined
2023-01-23 16:43:53.360880 - name 'func' is not defined
2023-01-23 16:43:53.368484 - name 'func' is not defined
2023-01-23 16:43:53.372467 - name 'func' is not defined
2023-01-23 16:43:53.377471 - name 'func' is not defined
2023-01-23 16:43:53.378474 - name 'func' is not defined
2023-01-23 16:43:53.389550 - name 'func' is not defined
2023-01-23 16:43:53.390553 - name 'func' is not defined
2023-01-23 16:43:53.394357 - name 'func' is not defined
2023-01-23 16:43:53.399327 - name 'func' is not defined
2023-01-23 16:43:53.405313 - name 'func' is not defined
2023-01-23 16:43:53.406312 - name 'func' is not defined
2023-01-23 16:44:13.662051 - NORMAL-ON-LAUNCH: running base semi-kernel program launch => run sysui or terminal to use a dist of FakeOS
2023-01-23 16:44:25.026500 - 
2023-01-23 16:44:27.976690 - 
2023-01-23 16:45:44.368513 - NORMAL-ON-LAUNCH: running base semi-kernel program launch => run sysui or terminal to use a dist of FakeOS
2023-01-23 16:45:53.954151 - 
2023-01-23 16:45:54.181137 - 
2023-01-23 16:46:43.502603 - NORMAL-ON-LAUNCH: running base semi-kernel program launch => run sysui or terminal to use a dist of FakeOS
2023-01-23 16:46:51.824068 - 
2023-01-23 16:46:52.344528 - Bad file descriptor
2023-01-23 16:49:07.146056 - NORMAL-ON-LAUNCH: running base semi-kernel program launch => run sysui or terminal to use a dist of FakeOS
2023-01-23 16:49:27.602907 - 
2023-01-23 16:49:50.175654 - 
2023-01-23 16:53:01.606793 - NORMAL-ON-LAUNCH: running base semi-kernel program launch => run sysui or terminal to use a dist of FakeOS
2023-01-23 16:53:07.622392 - Bad file descriptor
2023-01-23 16:53:29.705573 - 
2023-01-23 16:53:30.818549 - 
2023-01-23 16:54:34.454635 - NORMAL-ON-LAUNCH: running base semi-kernel program launch => run sysui or terminal to use a dist of FakeOS
2023-01-23 16:58:04.870970 - NORMAL-ON-LAUNCH: running base semi-kernel program launch => run sysui or terminal to use a dist of FakeOS
2023-01-23 17:00:15.742821 - NORMAL-ON-LAUNCH: running base semi-kernel program launch => run sysui or terminal to use a dist of FakeOS
2023-01-23 17:07:20.241419 - NORMAL-ON-LAUNCH: running base semi-kernel program launch => run sysui or terminal to use a dist of FakeOS
2023-01-23 17:07:55.635251 - 
2023-01-23 17:08:34.875367 - NORMAL-ON-LAUNCH: running base semi-kernel program launch => run sysui or terminal to use a dist of FakeOS
2023-01-23 17:09:00.226881 - Bad file descriptor
2023-01-23 17:14:19.841048 - NORMAL-ON-LAUNCH: running base semi-kernel program launch => run sysui or terminal to use a dist of FakeOS
